<?xml version="1.0" encoding="UTF-8"?>
<!-- Generated by org.testng.reporters.JUnitReportReporter -->
<testsuite hostname="LAPTOP-A47AFV1G" failures="0" tests="1" name="Get_Request" time="11.428" errors="0" timestamp="2021-05-26T00:32:09 IST" skipped="0">
  <testcase classname="Get_Request" name="getSpacexLaunchDetails" time="11.428"/>
  <system-out/>
</testsuite> <!-- Get_Request -->
